{"contracts/IRefunder.sol":{"l":{},"path":"/Users/alekseytsekov/Documents/projects/withTally/Tally-Gas-Refunder/contracts/IRefunder.sol","s":{},"b":{},"f":{},"fnMap":{},"statementMap":{},"branchMap":{}},"contracts/IRegistry.sol":{"l":{},"path":"/Users/alekseytsekov/Documents/projects/withTally/Tally-Gas-Refunder/contracts/IRegistry.sol","s":{},"b":{},"f":{},"fnMap":{},"statementMap":{},"branchMap":{}},"contracts/mocks/Greeter.sol":{"l":{"11":66,"15":1,"19":2,"20":1},"path":"/Users/alekseytsekov/Documents/projects/withTally/Tally-Gas-Refunder/contracts/mocks/Greeter.sol","s":{"1":66,"2":1,"3":2,"4":1},"b":{"1":[1,1]},"f":{"1":66,"2":1,"3":2},"fnMap":{"1":{"name":"constructor","line":10,"loc":{"start":{"line":10,"column":2},"end":{"line":12,"column":2}}},"2":{"name":"greet","line":14,"loc":{"start":{"line":14,"column":2},"end":{"line":16,"column":2}}},"3":{"name":"setGreeting","line":18,"loc":{"start":{"line":18,"column":2},"end":{"line":21,"column":2}}}},"statementMap":{"1":{"start":{"line":11,"column":4},"end":{"line":11,"column":23}},"2":{"start":{"line":15,"column":4},"end":{"line":15,"column":19}},"3":{"start":{"line":19,"column":4},"end":{"line":19,"column":61}},"4":{"start":{"line":20,"column":4},"end":{"line":20,"column":23}}},"branchMap":{"1":{"line":19,"type":"if","locations":[{"start":{"line":19,"column":4},"end":{"line":19,"column":4}},{"start":{"line":19,"column":4},"end":{"line":19,"column":4}}]}}},"contracts/Refunder.sol":{"l":{"39":4,"40":3,"45":2,"50":4,"51":4,"53":1,"54":1,"57":1,"61":21,"65":37,"66":37,"67":13,"72":2,"73":2,"74":1,"78":6,"87":15,"88":15,"90":15,"106":2,"107":2,"109":2,"110":1,"111":1,"115":1,"116":1,"118":1,"122":2,"126":1,"130":1},"path":"/Users/alekseytsekov/Documents/projects/withTally/Tally-Gas-Refunder/contracts/Refunder.sol","s":{"1":4,"2":3,"3":4,"4":1,"5":1,"6":1,"7":37,"8":37,"9":13,"10":2,"11":2,"12":1,"13":6,"14":15,"15":15,"16":15,"17":2,"18":2,"19":2,"20":1,"21":1,"22":1,"23":1,"24":1,"25":2,"26":1,"27":1},"b":{"1":[3,1],"2":[2,1],"3":[13,24],"4":[1,1]},"f":{"1":4,"2":4,"3":37,"4":2,"5":6,"6":15,"7":2,"8":1,"9":2,"10":1,"11":1},"fnMap":{"1":{"name":"onlySupportedParams","line":35,"loc":{"start":{"line":35,"column":4},"end":{"line":46,"column":4}}},"2":{"name":"netGasCost","line":49,"loc":{"start":{"line":49,"column":4},"end":{"line":58,"column":4}}},"3":{"name":"init","line":64,"loc":{"start":{"line":64,"column":4},"end":{"line":69,"column":4}}},"4":{"name":"withdraw","line":71,"loc":{"start":{"line":71,"column":4},"end":{"line":75,"column":4}}},"5":{"name":"setMaxGasPrice","line":77,"loc":{"start":{"line":77,"column":4},"end":{"line":79,"column":4}}},"6":{"name":"updateRefundable","line":86,"loc":{"start":{"line":81,"column":4},"end":{"line":91,"column":4}}},"7":{"name":"relayAndRefund","line":103,"loc":{"start":{"line":93,"column":4},"end":{"line":112,"column":4}}},"8":{"name":"refund","line":114,"loc":{"start":{"line":114,"column":4},"end":{"line":119,"column":4}}},"9":{"name":"pause","line":121,"loc":{"start":{"line":121,"column":4},"end":{"line":123,"column":4}}},"10":{"name":"unpause","line":125,"loc":{"start":{"line":125,"column":4},"end":{"line":127,"column":4}}},"11":{"name":"unregister","line":129,"loc":{"start":{"line":129,"column":4},"end":{"line":131,"column":4}}}},"statementMap":{"1":{"start":{"line":39,"column":8},"end":{"line":39,"column":72}},"2":{"start":{"line":40,"column":8},"end":{"line":40,"column":1292}},"3":{"start":{"line":50,"column":8},"end":{"line":50,"column":39}},"4":{"start":{"line":53,"column":8},"end":{"line":53,"column":54}},"5":{"start":{"line":54,"column":8},"end":{"line":54,"column":1808}},"6":{"start":{"line":57,"column":8},"end":{"line":57,"column":39}},"7":{"start":{"line":65,"column":8},"end":{"line":65,"column":23}},"8":{"start":{"line":66,"column":8},"end":{"line":66,"column":2076}},"9":{"start":{"line":67,"column":12},"end":{"line":67,"column":36}},"10":{"start":{"line":72,"column":8},"end":{"line":72,"column":63}},"11":{"start":{"line":73,"column":8},"end":{"line":73,"column":50}},"12":{"start":{"line":74,"column":8},"end":{"line":74,"column":40}},"13":{"start":{"line":78,"column":8},"end":{"line":78,"column":29}},"14":{"start":{"line":87,"column":8},"end":{"line":87,"column":63}},"15":{"start":{"line":88,"column":8},"end":{"line":88,"column":87}},"16":{"start":{"line":90,"column":8},"end":{"line":90,"column":73}},"17":{"start":{"line":106,"column":8},"end":{"line":106,"column":75}},"18":{"start":{"line":107,"column":8},"end":{"line":107,"column":67}},"19":{"start":{"line":109,"column":8},"end":{"line":109,"column":55}},"20":{"start":{"line":110,"column":8},"end":{"line":110,"column":61}},"21":{"start":{"line":111,"column":8},"end":{"line":111,"column":25}},"22":{"start":{"line":115,"column":8},"end":{"line":115,"column":59}},"23":{"start":{"line":116,"column":8},"end":{"line":116,"column":51}},"24":{"start":{"line":118,"column":8},"end":{"line":118,"column":19}},"25":{"start":{"line":122,"column":8},"end":{"line":122,"column":15}},"26":{"start":{"line":126,"column":8},"end":{"line":126,"column":17}},"27":{"start":{"line":130,"column":8},"end":{"line":130,"column":40}}},"branchMap":{"1":{"line":39,"type":"if","locations":[{"start":{"line":39,"column":8},"end":{"line":39,"column":8}},{"start":{"line":39,"column":8},"end":{"line":39,"column":8}}]},"2":{"line":40,"type":"if","locations":[{"start":{"line":40,"column":8},"end":{"line":40,"column":8}},{"start":{"line":40,"column":8},"end":{"line":40,"column":8}}]},"3":{"line":66,"type":"if","locations":[{"start":{"line":66,"column":8},"end":{"line":66,"column":8}},{"start":{"line":66,"column":8},"end":{"line":66,"column":8}}]},"4":{"line":109,"type":"if","locations":[{"start":{"line":109,"column":8},"end":{"line":109,"column":8}},{"start":{"line":109,"column":8},"end":{"line":109,"column":8}}]}}},"contracts/RefunderFactory.sol":{"l":{"18":24,"22":13,"23":13,"31":13,"32":13,"34":13,"36":13,"38":13},"path":"/Users/alekseytsekov/Documents/projects/withTally/Tally-Gas-Refunder/contracts/RefunderFactory.sol","s":{"1":24,"2":13,"3":13,"4":13,"5":13,"6":13,"7":13},"b":{"1":[13,0]},"f":{"1":24,"2":13,"3":13},"fnMap":{"1":{"name":"constructor","line":17,"loc":{"start":{"line":17,"column":4},"end":{"line":19,"column":4}}},"2":{"name":"hasRegistry","line":21,"loc":{"start":{"line":21,"column":4},"end":{"line":24,"column":4}}},"3":{"name":"createRefunder","line":28,"loc":{"start":{"line":26,"column":4},"end":{"line":39,"column":4}}}},"statementMap":{"1":{"start":{"line":18,"column":8},"end":{"line":18,"column":28}},"2":{"start":{"line":22,"column":8},"end":{"line":22,"column":62}},"3":{"start":{"line":31,"column":8},"end":{"line":31,"column":59}},"4":{"start":{"line":32,"column":8},"end":{"line":32,"column":46}},"5":{"start":{"line":34,"column":8},"end":{"line":34,"column":52}},"6":{"start":{"line":36,"column":8},"end":{"line":36,"column":58}},"7":{"start":{"line":38,"column":8},"end":{"line":38,"column":26}}},"branchMap":{"1":{"line":22,"type":"if","locations":[{"start":{"line":22,"column":8},"end":{"line":22,"column":8}},{"start":{"line":22,"column":8},"end":{"line":22,"column":8}}]}}},"contracts/Registry.sol":{"l":{"26":16,"27":16,"31":29,"33":29,"34":29,"35":29,"37":29,"43":1,"44":1,"45":1,"49":1,"57":15,"58":13,"59":13,"60":13,"63":2,"64":2,"68":7,"70":7,"71":15,"74":7,"78":8,"80":8,"81":16,"84":8},"path":"/Users/alekseytsekov/Documents/projects/withTally/Tally-Gas-Refunder/contracts/Registry.sol","s":{"1":16,"2":29,"3":29,"4":29,"5":29,"6":29,"7":1,"8":1,"9":1,"10":1,"11":15,"12":13,"13":13,"14":13,"15":2,"16":2,"17":7,"18":7,"19":15,"20":7,"21":8,"22":8,"23":16,"24":8},"b":{"1":[16,0],"2":[29,0],"3":[29,0],"4":[1,0],"5":[13,2]},"f":{"1":16,"2":29,"3":1,"4":15,"5":7,"6":8},"fnMap":{"1":{"name":"onlyRefunder","line":25,"loc":{"start":{"line":25,"column":4},"end":{"line":28,"column":4}}},"2":{"name":"register","line":30,"loc":{"start":{"line":30,"column":4},"end":{"line":39,"column":4}}},"3":{"name":"unregister","line":42,"loc":{"start":{"line":42,"column":4},"end":{"line":51,"column":4}}},"4":{"name":"updateRefundable","line":56,"loc":{"start":{"line":56,"column":4},"end":{"line":65,"column":4}}},"5":{"name":"getRefunders","line":67,"loc":{"start":{"line":67,"column":4},"end":{"line":75,"column":4}}},"6":{"name":"refundersFor","line":77,"loc":{"start":{"line":77,"column":4},"end":{"line":85,"column":4}}}},"statementMap":{"1":{"start":{"line":26,"column":8},"end":{"line":26,"column":103}},"2":{"start":{"line":31,"column":8},"end":{"line":31,"column":53}},"3":{"start":{"line":33,"column":8},"end":{"line":33,"column":1166}},"4":{"start":{"line":34,"column":12},"end":{"line":34,"column":34}},"5":{"start":{"line":35,"column":12},"end":{"line":35,"column":46}},"6":{"start":{"line":37,"column":12},"end":{"line":37,"column":44}},"7":{"start":{"line":43,"column":8},"end":{"line":43,"column":1532}},"8":{"start":{"line":44,"column":12},"end":{"line":44,"column":39}},"9":{"start":{"line":45,"column":12},"end":{"line":45,"column":42}},"10":{"start":{"line":49,"column":12},"end":{"line":49,"column":39}},"11":{"start":{"line":57,"column":8},"end":{"line":57,"column":2199}},"12":{"start":{"line":58,"column":12},"end":{"line":58,"column":76}},"13":{"start":{"line":59,"column":12},"end":{"line":59,"column":84}},"14":{"start":{"line":60,"column":12},"end":{"line":60,"column":18}},"15":{"start":{"line":63,"column":8},"end":{"line":63,"column":75}},"16":{"start":{"line":64,"column":8},"end":{"line":64,"column":80}},"17":{"start":{"line":68,"column":8},"end":{"line":68,"column":67}},"18":{"start":{"line":70,"column":8},"end":{"line":70,"column":2745}},"19":{"start":{"line":71,"column":12},"end":{"line":71,"column":38}},"20":{"start":{"line":74,"column":8},"end":{"line":74,"column":21}},"21":{"start":{"line":78,"column":8},"end":{"line":78,"column":107}},"22":{"start":{"line":80,"column":8},"end":{"line":80,"column":3107}},"23":{"start":{"line":81,"column":12},"end":{"line":81,"column":78}},"24":{"start":{"line":84,"column":8},"end":{"line":84,"column":21}}},"branchMap":{"1":{"line":26,"type":"if","locations":[{"start":{"line":26,"column":8},"end":{"line":26,"column":8}},{"start":{"line":26,"column":8},"end":{"line":26,"column":8}}]},"2":{"line":31,"type":"if","locations":[{"start":{"line":31,"column":8},"end":{"line":31,"column":8}},{"start":{"line":31,"column":8},"end":{"line":31,"column":8}}]},"3":{"line":33,"type":"if","locations":[{"start":{"line":33,"column":8},"end":{"line":33,"column":8}},{"start":{"line":33,"column":8},"end":{"line":33,"column":8}}]},"4":{"line":43,"type":"if","locations":[{"start":{"line":43,"column":8},"end":{"line":43,"column":8}},{"start":{"line":43,"column":8},"end":{"line":43,"column":8}}]},"5":{"line":57,"type":"if","locations":[{"start":{"line":57,"column":8},"end":{"line":57,"column":8}},{"start":{"line":57,"column":8},"end":{"line":57,"column":8}}]}}}}